2016-06-01 16:25:49 - PHP Notice:  Undefined variable: add in C:\inetpub\wwwroot\yasel\admin\view\template\cari\cari_list.tpl on line 12
2016-06-01 16:41:24 - PHP Notice:  Undefined variable: add in C:\inetpub\wwwroot\yasel\admin\view\template\cari\cari_list.tpl on line 12
2016-06-01 16:41:51 - PHP Notice:  Undefined variable: add in C:\inetpub\wwwroot\yasel\admin\view\template\cari\cari_list.tpl on line 12
2016-06-01 16:41:56 - PHP Notice:  Undefined variable: add in C:\inetpub\wwwroot\yasel\admin\view\template\cari\cari_list.tpl on line 12
2016-06-01 16:42:09 - PHP Notice:  Undefined variable: add in C:\inetpub\wwwroot\yasel\admin\view\template\cari\cari_list.tpl on line 12
2016-06-01 16:42:17 - PHP Notice:  Undefined variable: add in C:\inetpub\wwwroot\yasel\admin\view\template\cari\cari_list.tpl on line 12
2016-06-01 16:42:35 - PHP Notice:  Undefined variable: add in C:\inetpub\wwwroot\yasel\admin\view\template\cari\cari_list.tpl on line 12
2016-06-01 18:27:27 - PHP Notice:  Undefined variable: add in C:\inetpub\wwwroot\yasel\admin\view\template\cari\cari_list.tpl on line 12
2016-06-01 18:27:41 - PHP Notice:  Undefined variable: add in C:\inetpub\wwwroot\yasel\admin\view\template\cari\cari_list.tpl on line 12
2016-06-01 18:27:48 - PHP Notice:  Undefined variable: add in C:\inetpub\wwwroot\yasel\admin\view\template\cari\cari_list.tpl on line 12
2016-06-01 18:47:34 - PHP Notice:  Undefined variable: add in C:\inetpub\wwwroot\yasel\admin\view\template\cari\cari_list.tpl on line 12
2016-06-01 19:40:10 - PHP Notice:  Undefined variable: add in C:\inetpub\wwwroot\yasel\admin\view\template\cari\cari_list.tpl on line 12
2016-06-01 19:40:55 - PHP Notice:  Undefined variable: add in C:\inetpub\wwwroot\yasel\admin\view\template\cari\cari_list.tpl on line 12
2016-06-01 19:41:03 - PHP Notice:  Undefined variable: add in C:\inetpub\wwwroot\yasel\admin\view\template\cari\cari_list.tpl on line 12
2016-06-01 19:41:22 - PHP Notice:  Undefined variable: add in C:\inetpub\wwwroot\yasel\admin\view\template\cari\cari_list.tpl on line 12
2016-06-01 19:41:27 - PHP Notice:  Undefined variable: add in C:\inetpub\wwwroot\yasel\admin\view\template\cari\cari_list.tpl on line 12
2016-06-01 19:41:29 - PHP Notice:  Undefined variable: add in C:\inetpub\wwwroot\yasel\admin\view\template\cari\cari_list.tpl on line 12
2016-06-01 20:28:45 - PHP Notice:  Undefined variable: add in C:\inetpub\wwwroot\yasel\admin\view\template\cari\cari_list.tpl on line 12
2016-06-01 23:49:28 - PHP Notice:  Undefined variable: add in C:\inetpub\wwwroot\yasel\admin\view\template\cari\cari_list.tpl on line 12
2016-06-02 0:21:24 - PHP Notice:  Undefined variable: add in C:\inetpub\wwwroot\yasel\admin\view\template\cari\cari_list.tpl on line 12
2016-06-02 0:53:56 - PHP Notice:  Undefined variable: add in C:\inetpub\wwwroot\yasel\admin\view\template\cari\cari_list.tpl on line 12
2016-06-02 1:02:03 - PHP Notice:  Undefined variable: add in C:\inetpub\wwwroot\yasel\admin\view\template\cari\cari_aday_list.tpl on line 16
2016-06-02 1:02:08 - PHP Notice:  Undefined variable: add in C:\inetpub\wwwroot\yasel\admin\view\template\cari\cari_list.tpl on line 12
2016-06-02 1:03:49 - PHP Notice:  Undefined variable: add in C:\inetpub\wwwroot\yasel\admin\view\template\cari\cari_list.tpl on line 12
2016-06-02 1:07:08 - PHP Notice:  Undefined variable: add in C:\inetpub\wwwroot\yasel\admin\view\template\cari\cari_list.tpl on line 12
2016-06-02 1:08:14 - PHP Notice:  Undefined variable: add in C:\inetpub\wwwroot\yasel\admin\view\template\cari\cari_list.tpl on line 12
2016-06-02 15:01:15 - PHP Notice:  Undefined variable: add in C:\inetpub\wwwroot\yasel\admin\view\template\cari\cari_list.tpl on line 12
2016-06-02 15:16:41 - PHP Notice:  Undefined variable: add in C:\inetpub\wwwroot\yasel\admin\view\template\cari\cari_list.tpl on line 12
2016-06-02 15:16:47 - PHP Notice:  Undefined variable: add in C:\inetpub\wwwroot\yasel\admin\view\template\cari\cari_list.tpl on line 12
2016-06-02 15:16:49 - PHP Notice:  Undefined variable: add in C:\inetpub\wwwroot\yasel\admin\view\template\cari\cari_list.tpl on line 12
2016-06-02 15:16:51 - PHP Notice:  Undefined variable: add in C:\inetpub\wwwroot\yasel\admin\view\template\cari\cari_list.tpl on line 12
2016-06-02 15:16:57 - PHP Notice:  Undefined variable: add in C:\inetpub\wwwroot\yasel\admin\view\template\cari\cari_list.tpl on line 12
2016-06-02 15:16:59 - PHP Notice:  Undefined variable: add in C:\inetpub\wwwroot\yasel\admin\view\template\cari\cari_list.tpl on line 12
2016-06-02 15:17:00 - PHP Notice:  Undefined variable: add in C:\inetpub\wwwroot\yasel\admin\view\template\cari\cari_list.tpl on line 12
2016-06-02 15:43:21 - PHP Notice:  Undefined variable: add in C:\inetpub\wwwroot\yasel\admin\view\template\cari\cari_list.tpl on line 12
2016-06-02 16:57:40 - PHP Notice:  Undefined variable: add in C:\inetpub\wwwroot\yasel\admin\view\template\cari\cari_list.tpl on line 12
2016-06-02 16:59:24 - PHP Notice:  Undefined variable: add in C:\inetpub\wwwroot\yasel\admin\view\template\cari\cari_list.tpl on line 12
2016-06-02 17:00:35 - PHP Notice:  Undefined variable: add in C:\inetpub\wwwroot\yasel\admin\view\template\cari\cari_list.tpl on line 12
2016-06-02 17:01:02 - PHP Notice:  Undefined variable: add in C:\inetpub\wwwroot\yasel\admin\view\template\cari\cari_list.tpl on line 12
2016-06-02 17:01:31 - PHP Notice:  Undefined variable: add in C:\inetpub\wwwroot\yasel\admin\view\template\cari\cari_list.tpl on line 12
2016-06-02 18:01:21 - PHP Notice:  Undefined variable: add in C:\inetpub\wwwroot\yasel\admin\view\template\cari\cari_list.tpl on line 12
2016-06-02 18:31:42 - PHP Notice:  Undefined variable: add in C:\inetpub\wwwroot\yasel\admin\view\template\cari\cari_list.tpl on line 12
2016-06-02 18:32:25 - PHP Notice:  Undefined variable: add in C:\inetpub\wwwroot\yasel\admin\view\template\cari\cari_list.tpl on line 12
2016-06-02 18:43:13 - PHP Notice:  Undefined variable: add in C:\inetpub\wwwroot\yasel\admin\view\template\cari\cari_list.tpl on line 12
2016-06-02 23:05:16 - PHP Notice:  Undefined variable: add in C:\inetpub\wwwroot\yasel\admin\view\template\cari\cari_list.tpl on line 12
2016-06-02 23:09:39 - PHP Notice:  Undefined variable: add in C:\inetpub\wwwroot\yasel\admin\view\template\cari\cari_list.tpl on line 12
2016-06-02 23:12:17 - PHP Notice:  Undefined variable: add in C:\inetpub\wwwroot\yasel\admin\view\template\cari\cari_list.tpl on line 12
2016-06-02 23:12:18 - PHP Notice:  Undefined variable: add in C:\inetpub\wwwroot\yasel\admin\view\template\cari\cari_list.tpl on line 12
2016-06-02 23:14:37 - PHP Warning:  require(C:\inetpub\wwwroot\yasel\admin\view\template\cari\cari_form.tpl): failed to open stream: Permission denied in C:\inetpub\wwwroot\yasel\system\library\template\php.php on line 18
2016-06-02 23:14:37 - PHP Warning:  require(C:\inetpub\wwwroot\yasel\admin\view\template\cari\cari_form.tpl): failed to open stream: Permission denied in C:\inetpub\wwwroot\yasel\system\library\template\php.php on line 18
2016-06-02 23:27:03 - PHP Notice:  Undefined variable: add in C:\inetpub\wwwroot\yasel\admin\view\template\cari\cari_list.tpl on line 12
2016-06-02 23:33:28 - PHP Warning:  Invalid argument supplied for foreach() in C:\inetpub\wwwroot\yasel\system\engine\loader.php on line 46
2016-06-02 23:33:28 - PHP Notice:  Undefined variable: add in C:\inetpub\wwwroot\yasel\admin\view\template\proje\proje_list.tpl on line 12
2016-06-02 23:33:28 - PHP Notice:  Undefined variable: text_cari_list in C:\inetpub\wwwroot\yasel\admin\view\template\proje\proje_list.tpl on line 70
2016-06-02 23:33:30 - PHP Warning:  Invalid argument supplied for foreach() in C:\inetpub\wwwroot\yasel\system\engine\loader.php on line 46
2016-06-02 23:33:30 - PHP Notice:  Undefined variable: add in C:\inetpub\wwwroot\yasel\admin\view\template\proje\proje_list.tpl on line 12
2016-06-02 23:33:30 - PHP Notice:  Undefined variable: text_cari_list in C:\inetpub\wwwroot\yasel\admin\view\template\proje\proje_list.tpl on line 70
2016-06-02 23:33:32 - PHP Warning:  Invalid argument supplied for foreach() in C:\inetpub\wwwroot\yasel\system\engine\loader.php on line 46
2016-06-02 23:33:32 - PHP Notice:  Undefined variable: add in C:\inetpub\wwwroot\yasel\admin\view\template\proje\proje_list.tpl on line 12
2016-06-02 23:33:32 - PHP Notice:  Undefined variable: text_cari_list in C:\inetpub\wwwroot\yasel\admin\view\template\proje\proje_list.tpl on line 70
2016-06-02 23:35:19 - PHP Notice:  Undefined variable: add in C:\inetpub\wwwroot\yasel\admin\view\template\proje\proje_list.tpl on line 12
2016-06-02 23:35:19 - PHP Notice:  Undefined variable: text_cari_list in C:\inetpub\wwwroot\yasel\admin\view\template\proje\proje_list.tpl on line 70
2016-06-02 23:35:32 - PHP Notice:  Undefined variable: add in C:\inetpub\wwwroot\yasel\admin\view\template\proje\proje_list.tpl on line 12
2016-06-02 23:35:32 - PHP Notice:  Undefined variable: text_cari_list in C:\inetpub\wwwroot\yasel\admin\view\template\proje\proje_list.tpl on line 70
2016-06-02 23:36:03 - PHP Notice:  Undefined variable: add in C:\inetpub\wwwroot\yasel\admin\view\template\proje\proje_list.tpl on line 12
2016-06-02 23:36:33 - PHP Notice:  Undefined variable: add in C:\inetpub\wwwroot\yasel\admin\view\template\proje\proje_list.tpl on line 12
2016-06-02 23:37:00 - PHP Notice:  Undefined variable: add in C:\inetpub\wwwroot\yasel\admin\view\template\proje\proje_list.tpl on line 12
2016-06-02 23:38:05 - PHP Notice:  Undefined variable: add in C:\inetpub\wwwroot\yasel\admin\view\template\proje\proje_list.tpl on line 12
2016-06-02 23:41:10 - PHP Notice:  Undefined variable: add in C:\inetpub\wwwroot\yasel\admin\view\template\proje\proje_list.tpl on line 12
2016-06-02 23:44:20 - PHP Notice:  Undefined variable: add in C:\inetpub\wwwroot\yasel\admin\view\template\proje\proje_list.tpl on line 12
2016-06-02 23:44:31 - PHP Notice:  Undefined variable: add in C:\inetpub\wwwroot\yasel\admin\view\template\proje\proje_list.tpl on line 12
2016-06-02 23:44:50 - PHP Notice:  Undefined variable: add in C:\inetpub\wwwroot\yasel\admin\view\template\proje\proje_list.tpl on line 12
2016-06-02 23:45:25 - PHP Notice:  Undefined variable: add in C:\inetpub\wwwroot\yasel\admin\view\template\proje\proje_list.tpl on line 12
2016-06-02 23:46:37 - PHP Notice:  Undefined variable: add in C:\inetpub\wwwroot\yasel\admin\view\template\proje\proje_list.tpl on line 12
2016-06-02 23:47:09 - PHP Notice:  Undefined variable: add in C:\inetpub\wwwroot\yasel\admin\view\template\proje\proje_list.tpl on line 12
2016-06-02 23:48:22 - PHP Notice:  Undefined variable: add in C:\inetpub\wwwroot\yasel\admin\view\template\proje\proje_list.tpl on line 12
2016-06-02 23:51:06 - PHP Notice:  Undefined variable: add in C:\inetpub\wwwroot\yasel\admin\view\template\proje\proje_list.tpl on line 12
2016-06-02 23:51:26 - PHP Notice:  Undefined variable: add in C:\inetpub\wwwroot\yasel\admin\view\template\proje\proje_list.tpl on line 12
2016-06-02 23:51:40 - PHP Notice:  Undefined variable: add in C:\inetpub\wwwroot\yasel\admin\view\template\proje\proje_list.tpl on line 12
2016-06-02 23:53:16 - PHP Notice:  Undefined variable: add in C:\inetpub\wwwroot\yasel\admin\view\template\proje\proje_list.tpl on line 12
2016-06-02 23:55:07 - PHP Notice:  Undefined variable: add in C:\inetpub\wwwroot\yasel\admin\view\template\proje\proje_list.tpl on line 12
2016-06-02 23:55:26 - PHP Notice:  Undefined variable: add in C:\inetpub\wwwroot\yasel\admin\view\template\proje\proje_list.tpl on line 12
2016-06-02 23:55:50 - PHP Notice:  Undefined variable: add in C:\inetpub\wwwroot\yasel\admin\view\template\proje\proje_list.tpl on line 12
2016-06-02 23:56:02 - PHP Notice:  Undefined variable: add in C:\inetpub\wwwroot\yasel\admin\view\template\proje\proje_list.tpl on line 12
2016-06-02 23:58:04 - PHP Notice:  Undefined variable: add in C:\inetpub\wwwroot\yasel\admin\view\template\proje\proje_list.tpl on line 12
2016-06-02 23:59:04 - PHP Notice:  Undefined variable: add in C:\inetpub\wwwroot\yasel\admin\view\template\proje\proje_list.tpl on line 12
2016-06-03 0:02:20 - PHP Notice:  Undefined variable: add in C:\inetpub\wwwroot\yasel\admin\view\template\proje\proje_list.tpl on line 12
2016-06-03 0:02:21 - PHP Notice:  Undefined variable: add in C:\inetpub\wwwroot\yasel\admin\view\template\proje\proje_list.tpl on line 12
2016-06-03 0:02:44 - PHP Notice:  Undefined variable: add in C:\inetpub\wwwroot\yasel\admin\view\template\proje\proje_list.tpl on line 12
2016-06-03 0:03:21 - PHP Notice:  Undefined variable: add in C:\inetpub\wwwroot\yasel\admin\view\template\proje\proje_list.tpl on line 12
2016-06-03 0:03:30 - PHP Notice:  Undefined variable: add in C:\inetpub\wwwroot\yasel\admin\view\template\proje\proje_list.tpl on line 12
2016-06-03 0:04:51 - PHP Notice:  Undefined variable: add in C:\inetpub\wwwroot\yasel\admin\view\template\proje\proje_list.tpl on line 12
2016-06-03 0:05:31 - PHP Notice:  Undefined variable: add in C:\inetpub\wwwroot\yasel\admin\view\template\proje\proje_list.tpl on line 12
2016-06-03 0:06:07 - PHP Notice:  Undefined variable: add in C:\inetpub\wwwroot\yasel\admin\view\template\proje\proje_list.tpl on line 12
2016-06-03 0:08:25 - PHP Notice:  Undefined variable: add in C:\inetpub\wwwroot\yasel\admin\view\template\proje\proje_list.tpl on line 12
2016-06-03 0:08:37 - PHP Notice:  Undefined variable: add in C:\inetpub\wwwroot\yasel\admin\view\template\proje\proje_list.tpl on line 12
2016-06-03 0:09:06 - PHP Notice:  Undefined variable: add in C:\inetpub\wwwroot\yasel\admin\view\template\proje\proje_list.tpl on line 12
2016-06-03 0:09:54 - PHP Notice:  Undefined variable: add in C:\inetpub\wwwroot\yasel\admin\view\template\proje\proje_list.tpl on line 12
2016-06-03 0:10:22 - PHP Notice:  Undefined variable: add in C:\inetpub\wwwroot\yasel\admin\view\template\proje\proje_list.tpl on line 12
2016-06-03 0:10:54 - PHP Notice:  Undefined variable: add in C:\inetpub\wwwroot\yasel\admin\view\template\proje\proje_list.tpl on line 12
2016-06-03 0:12:46 - PHP Notice:  Undefined variable: add in C:\inetpub\wwwroot\yasel\admin\view\template\proje\proje_list.tpl on line 12
2016-06-03 0:14:22 - PHP Notice:  Undefined variable: add in C:\inetpub\wwwroot\yasel\admin\view\template\proje\proje_list.tpl on line 12
2016-06-03 0:14:48 - PHP Notice:  Undefined variable: add in C:\inetpub\wwwroot\yasel\admin\view\template\proje\proje_list.tpl on line 12
2016-06-03 0:15:19 - PHP Notice:  Undefined variable: add in C:\inetpub\wwwroot\yasel\admin\view\template\proje\proje_list.tpl on line 12
2016-06-03 0:15:58 - PHP Notice:  Undefined variable: add in C:\inetpub\wwwroot\yasel\admin\view\template\proje\proje_list.tpl on line 12
2016-06-03 0:16:14 - PHP Notice:  Undefined variable: add in C:\inetpub\wwwroot\yasel\admin\view\template\proje\proje_list.tpl on line 12
2016-06-03 0:16:36 - PHP Notice:  Undefined variable: add in C:\inetpub\wwwroot\yasel\admin\view\template\proje\proje_list.tpl on line 12
2016-06-03 0:16:38 - PHP Notice:  Undefined variable: add in C:\inetpub\wwwroot\yasel\admin\view\template\proje\proje_list.tpl on line 12
2016-06-03 0:16:39 - PHP Notice:  Undefined variable: add in C:\inetpub\wwwroot\yasel\admin\view\template\proje\proje_list.tpl on line 12
2016-06-03 0:16:49 - PHP Notice:  Undefined variable: add in C:\inetpub\wwwroot\yasel\admin\view\template\proje\proje_list.tpl on line 12
2016-06-03 0:30:12 - PHP Notice:  Undefined variable: add in C:\inetpub\wwwroot\yasel\admin\view\template\proje\proje_list.tpl on line 12
2016-06-03 0:30:18 - PHP Notice:  Undefined variable: add in C:\inetpub\wwwroot\yasel\admin\view\template\proje\proje_list.tpl on line 12
2016-06-03 0:34:19 - PHP Notice:  Undefined variable: add in C:\inetpub\wwwroot\yasel\admin\view\template\proje\proje_list.tpl on line 12
2016-06-03 0:34:25 - PHP Notice:  Undefined variable: add in C:\inetpub\wwwroot\yasel\admin\view\template\cari\cari_list.tpl on line 12
2016-06-03 0:34:27 - PHP Notice:  Undefined variable: add in C:\inetpub\wwwroot\yasel\admin\view\template\proje\proje_list.tpl on line 12
2016-06-03 0:39:01 - PHP Notice:  Undefined variable: add in C:\inetpub\wwwroot\yasel\admin\view\template\proje\proje_list.tpl on line 12
2016-06-03 0:39:33 - PHP Notice:  Undefined variable: add in C:\inetpub\wwwroot\yasel\admin\view\template\proje\proje_list.tpl on line 12
2016-06-03 0:41:10 - PHP Notice:  Undefined variable: add in C:\inetpub\wwwroot\yasel\admin\view\template\proje\proje_list.tpl on line 12
2016-06-03 0:41:42 - PHP Notice:  Undefined variable: add in C:\inetpub\wwwroot\yasel\admin\view\template\proje\proje_list.tpl on line 12
2016-06-03 0:43:03 - PHP Notice:  Undefined variable: add in C:\inetpub\wwwroot\yasel\admin\view\template\proje\proje_list.tpl on line 12
2016-06-03 0:47:41 - PHP Notice:  Undefined variable: add in C:\inetpub\wwwroot\yasel\admin\view\template\proje\proje_list.tpl on line 12
2016-06-03 8:26:48 - PHP Notice:  Undefined variable: add in C:\inetpub\wwwroot\yasel\admin\view\template\proje\proje_list.tpl on line 12
2016-06-03 8:42:03 - PHP Notice:  Undefined variable: add in C:\inetpub\wwwroot\yasel\admin\view\template\cari\cari_list.tpl on line 12
2016-06-03 10:46:40 - PHP Notice:  Undefined variable: add in C:\inetpub\wwwroot\yasel\admin\view\template\proje\proje_list.tpl on line 12
